<?xml version="1.0" encoding="UTF-8"?>
<!-- Generated by org.testng.reporters.JUnitReportReporter -->
<testsuite hostname="DESKTOP-QNLUE6E" failures="0" tests="5" name="testCases.Tc_VideoGames" time="54.634" errors="0" timestamp="2022-08-22T23:04:41 IST" skipped="0">
  <testcase classname="testCases.Tc_VideoGames" name="test_GetAllVideoGames" time="48.253"/>
  <system-out/>
  <testcase classname="testCases.Tc_VideoGames" name="test_addnewVideoGame" time="3.255"/>
  <system-out/>
  <testcase classname="testCases.Tc_VideoGames" name="test_getVideoGame" time="2.934"/>
  <system-out/>
  <testcase classname="testCases.Tc_VideoGames" name="test_updatevideogame" time="0.155"/>
  <system-out/>
  <testcase classname="testCases.Tc_VideoGames" name="test_deleteVideogame" time="0.037"/>
  <system-out/>
</testsuite> <!-- testCases.Tc_VideoGames -->
