<?xml version="1.0" encoding="UTF-8"?>
<!-- Generated by org.testng.reporters.JUnitReportReporter -->
<testsuite hostname="DESKTOP-QNLUE6E" failures="0" tests="5" name="testCases.Tc_VideoGames" time="95.393" errors="0" timestamp="2022-08-22T23:45:02 IST" skipped="0">
  <testcase classname="testCases.Tc_VideoGames" name="test_GetAllVideoGames" time="72.139"/>
  <system-out/>
  <testcase classname="testCases.Tc_VideoGames" name="test_addnewVideoGame" time="14.163"/>
  <system-out/>
  <testcase classname="testCases.Tc_VideoGames" name="test_getVideoGame" time="5.862"/>
  <system-out/>
  <testcase classname="testCases.Tc_VideoGames" name="test_updatevideogame" time="0.184"/>
  <system-out/>
  <testcase classname="testCases.Tc_VideoGames" name="test_deleteVideogame" time="3.045"/>
  <system-out/>
</testsuite> <!-- testCases.Tc_VideoGames -->
